Command line invocation:
    /Applications/Xcode.app/Contents/Developer/usr/bin/xcodebuild -scheme ReelFin -project ReelFin.xcodeproj -destination id=1D6F2FC9-3460-4DC8-BC31-33DC75C5AD06 -configuration Debug build

Resolve Package Graph


Resolved source packages:
  GRDB: https://github.com/groue/GRDB.swift.git @ 6.29.3

ComputePackagePrebuildTargetDependencyGraph

Prepare packages

CreateBuildRequest

SendProjectDescription

CreateBuildOperation

ComputeTargetDependencyGraph
note: Building targets in dependency order
note: Target dependency graph (13 targets)
    Target 'ReelFinWidgetsExtension' in project 'ReelFin'
        ➜ Explicit dependency on target 'Shared' in project 'ReelFin'
        ➜ Explicit dependency on target 'PlaybackEngine' in project 'ReelFin'
        ➜ Explicit dependency on target 'JellyfinAPI' in project 'ReelFin'
        ➜ Explicit dependency on target 'DataStore' in project 'ReelFin'
    Target 'ReelFinApp' in project 'ReelFin'
        ➜ Explicit dependency on target 'ReelFinUI' in project 'ReelFin'
        ➜ Explicit dependency on target 'Shared' in project 'ReelFin'
        ➜ Explicit dependency on target 'SyncEngine' in project 'ReelFin'
        ➜ Explicit dependency on target 'JellyfinAPI' in project 'ReelFin'
        ➜ Explicit dependency on target 'DataStore' in project 'ReelFin'
        ➜ Explicit dependency on target 'ImageCache' in project 'ReelFin'
        ➜ Explicit dependency on target 'PlaybackEngine' in project 'ReelFin'
    Target 'ReelFinUI' in project 'ReelFin'
        ➜ Explicit dependency on target 'Shared' in project 'ReelFin'
        ➜ Explicit dependency on target 'JellyfinAPI' in project 'ReelFin'
        ➜ Explicit dependency on target 'DataStore' in project 'ReelFin'
        ➜ Explicit dependency on target 'ImageCache' in project 'ReelFin'
        ➜ Explicit dependency on target 'SyncEngine' in project 'ReelFin'
        ➜ Explicit dependency on target 'PlaybackEngine' in project 'ReelFin'
    Target 'PlaybackEngine' in project 'ReelFin'
        ➜ Explicit dependency on target 'Shared' in project 'ReelFin'
        ➜ Explicit dependency on target 'JellyfinAPI' in project 'ReelFin'
        ➜ Explicit dependency on target 'DataStore' in project 'ReelFin'
    Target 'SyncEngine' in project 'ReelFin'
        ➜ Explicit dependency on target 'Shared' in project 'ReelFin'
        ➜ Explicit dependency on target 'JellyfinAPI' in project 'ReelFin'
        ➜ Explicit dependency on target 'DataStore' in project 'ReelFin'
        ➜ Explicit dependency on target 'ImageCache' in project 'ReelFin'
    Target 'ImageCache' in project 'ReelFin'
        ➜ Explicit dependency on target 'Shared' in project 'ReelFin'
    Target 'DataStore' in project 'ReelFin'
        ➜ Explicit dependency on target 'Shared' in project 'ReelFin'
        ➜ Explicit dependency on target 'JellyfinAPI' in project 'ReelFin'
        ➜ Explicit dependency on target 'GRDB' in project 'GRDB'
    Target 'GRDB' in project 'GRDB'
        ➜ Explicit dependency on target 'GRDB' in project 'GRDB'
        ➜ Explicit dependency on target 'GRDB_GRDB' in project 'GRDB'
    Target 'GRDB' in project 'GRDB'
        ➜ Explicit dependency on target 'GRDB_GRDB' in project 'GRDB'
        ➜ Explicit dependency on target 'CSQLite' in project 'GRDB'
    Target 'CSQLite' in project 'GRDB' (no dependencies)
    Target 'GRDB_GRDB' in project 'GRDB' (no dependencies)
    Target 'JellyfinAPI' in project 'ReelFin'
        ➜ Explicit dependency on target 'Shared' in project 'ReelFin'
    Target 'Shared' in project 'ReelFin' (no dependencies)

GatherProvisioningInputs

CreateBuildDescription

ExecuteExternalTool /Applications/Xcode.app/Contents/Developer/Toolchains/XcodeDefault.xctoolchain/usr/bin/clang -v -E -dM -arch arm64 -isysroot /Applications/Xcode.app/Contents/Developer/Platforms/iPhoneSimulator.platform/Developer/SDKs/iPhoneSimulator26.2.sdk -x c -c /dev/null

ExecuteExternalTool /Applications/Xcode.app/Contents/Developer/Toolchains/XcodeDefault.xctoolchain/usr/bin/clang -v -E -dM -isysroot /Applications/Xcode.app/Contents/Developer/Platforms/iPhoneSimulator.platform/Developer/SDKs/iPhoneSimulator26.2.sdk -x c -c /dev/null

ExecuteExternalTool /Applications/Xcode.app/Contents/Developer/Toolchains/XcodeDefault.xctoolchain/usr/bin/swiftc --version

ExecuteExternalTool /Applications/Xcode.app/Contents/Developer/usr/bin/ibtool --version --output-format xml1

ExecuteExternalTool /Applications/Xcode.app/Contents/Developer/Toolchains/XcodeDefault.xctoolchain/usr/bin/ld -version_details

ReadFileContents /Applications/Xcode.app/Contents/Developer/Toolchains/XcodeDefault.xctoolchain/usr/share/docc/features.json

Build description signature: ecc4548a0444c4760b79f9f3d3905c14
Build description path: /Users/florian/Library/Developer/Xcode/DerivedData/ReelFin-bnwosskwtpuqttasefgsrnvbxrqi/Build/Intermediates.noindex/XCBuildData/ecc4548a0444c4760b79f9f3d3905c14.xcbuilddata
ProcessInfoPlistFile /Users/florian/Library/Developer/Xcode/DerivedData/ReelFin-bnwosskwtpuqttasefgsrnvbxrqi/Build/Products/Debug-iphonesimulator/GRDB_GRDB.bundle/Info.plist /Users/florian/Library/Developer/Xcode/DerivedData/ReelFin-bnwosskwtpuqttasefgsrnvbxrqi/Build/Intermediates.noindex/GRDB.build/Debug-iphonesimulator/GRDB_GRDB.build/empty-GRDB_GRDB.plist (in target 'GRDB_GRDB' from project 'GRDB')
    cd /Users/florian/Library/Developer/Xcode/DerivedData/ReelFin-bnwosskwtpuqttasefgsrnvbxrqi/SourcePackages/checkouts/GRDB.swift
    builtin-infoPlistUtility /Users/florian/Library/Developer/Xcode/DerivedData/ReelFin-bnwosskwtpuqttasefgsrnvbxrqi/Build/Intermediates.noindex/GRDB.build/Debug-iphonesimulator/GRDB_GRDB.build/empty-GRDB_GRDB.plist -producttype com.apple.product-type.bundle -expandbuildsettings -format binary -platform iphonesimulator -o /Users/florian/Library/Developer/Xcode/DerivedData/ReelFin-bnwosskwtpuqttasefgsrnvbxrqi/Build/Products/Debug-iphonesimulator/GRDB_GRDB.bundle/Info.plist

ClangStatCache /Applications/Xcode.app/Contents/Developer/Toolchains/XcodeDefault.xctoolchain/usr/bin/clang-stat-cache /Applications/Xcode.app/Contents/Developer/Platforms/iPhoneSimulator.platform/Developer/SDKs/iPhoneSimulator26.2.sdk /Users/florian/Library/Developer/Xcode/DerivedData/SDKStatCaches.noindex/iphonesimulator26.2-23C53-3885c01c3e6b6a337905948deab2002e7d00a8b37fbd7999ea79df8ebc024bf0.sdkstatcache
    cd /Users/florian/Documents/Projet/ReelFin/ReelFin.xcodeproj
    /Applications/Xcode.app/Contents/Developer/Toolchains/XcodeDefault.xctoolchain/usr/bin/clang-stat-cache /Applications/Xcode.app/Contents/Developer/Platforms/iPhoneSimulator.platform/Developer/SDKs/iPhoneSimulator26.2.sdk -o /Users/florian/Library/Developer/Xcode/DerivedData/SDKStatCaches.noindex/iphonesimulator26.2-23C53-3885c01c3e6b6a337905948deab2002e7d00a8b37fbd7999ea79df8ebc024bf0.sdkstatcache

ProcessInfoPlistFile /Users/florian/Library/Developer/Xcode/DerivedData/ReelFin-bnwosskwtpuqttasefgsrnvbxrqi/Build/Products/Debug-iphonesimulator/Shared.framework/Info.plist /Users/florian/Library/Developer/Xcode/DerivedData/ReelFin-bnwosskwtpuqttasefgsrnvbxrqi/Build/Intermediates.noindex/ReelFin.build/Debug-iphonesimulator/Shared.build/empty-Shared.plist (in target 'Shared' from project 'ReelFin')
    cd /Users/florian/Documents/Projet/ReelFin
    builtin-infoPlistUtility /Users/florian/Library/Developer/Xcode/DerivedData/ReelFin-bnwosskwtpuqttasefgsrnvbxrqi/Build/Intermediates.noindex/ReelFin.build/Debug-iphonesimulator/Shared.build/empty-Shared.plist -producttype com.apple.product-type.framework -expandbuildsettings -format binary -platform iphonesimulator -o /Users/florian/Library/Developer/Xcode/DerivedData/ReelFin-bnwosskwtpuqttasefgsrnvbxrqi/Build/Products/Debug-iphonesimulator/Shared.framework/Info.plist

ProcessInfoPlistFile /Users/florian/Library/Developer/Xcode/DerivedData/ReelFin-bnwosskwtpuqttasefgsrnvbxrqi/Build/Products/Debug-iphonesimulator/JellyfinAPI.framework/Info.plist /Users/florian/Library/Developer/Xcode/DerivedData/ReelFin-bnwosskwtpuqttasefgsrnvbxrqi/Build/Intermediates.noindex/ReelFin.build/Debug-iphonesimulator/JellyfinAPI.build/empty-JellyfinAPI.plist (in target 'JellyfinAPI' from project 'ReelFin')
    cd /Users/florian/Documents/Projet/ReelFin
    builtin-infoPlistUtility /Users/florian/Library/Developer/Xcode/DerivedData/ReelFin-bnwosskwtpuqttasefgsrnvbxrqi/Build/Intermediates.noindex/ReelFin.build/Debug-iphonesimulator/JellyfinAPI.build/empty-JellyfinAPI.plist -producttype com.apple.product-type.framework -expandbuildsettings -format binary -platform iphonesimulator -o /Users/florian/Library/Developer/Xcode/DerivedData/ReelFin-bnwosskwtpuqttasefgsrnvbxrqi/Build/Products/Debug-iphonesimulator/JellyfinAPI.framework/Info.plist

ProcessInfoPlistFile /Users/florian/Library/Developer/Xcode/DerivedData/ReelFin-bnwosskwtpuqttasefgsrnvbxrqi/Build/Products/Debug-iphonesimulator/DataStore.framework/Info.plist /Users/florian/Library/Developer/Xcode/DerivedData/ReelFin-bnwosskwtpuqttasefgsrnvbxrqi/Build/Intermediates.noindex/ReelFin.build/Debug-iphonesimulator/DataStore.build/empty-DataStore.plist (in target 'DataStore' from project 'ReelFin')
    cd /Users/florian/Documents/Projet/ReelFin
    builtin-infoPlistUtility /Users/florian/Library/Developer/Xcode/DerivedData/ReelFin-bnwosskwtpuqttasefgsrnvbxrqi/Build/Intermediates.noindex/ReelFin.build/Debug-iphonesimulator/DataStore.build/empty-DataStore.plist -producttype com.apple.product-type.framework -expandbuildsettings -format binary -platform iphonesimulator -o /Users/florian/Library/Developer/Xcode/DerivedData/ReelFin-bnwosskwtpuqttasefgsrnvbxrqi/Build/Products/Debug-iphonesimulator/DataStore.framework/Info.plist

ProcessInfoPlistFile /Users/florian/Library/Developer/Xcode/DerivedData/ReelFin-bnwosskwtpuqttasefgsrnvbxrqi/Build/Products/Debug-iphonesimulator/ImageCache.framework/Info.plist /Users/florian/Library/Developer/Xcode/DerivedData/ReelFin-bnwosskwtpuqttasefgsrnvbxrqi/Build/Intermediates.noindex/ReelFin.build/Debug-iphonesimulator/ImageCache.build/empty-ImageCache.plist (in target 'ImageCache' from project 'ReelFin')
    cd /Users/florian/Documents/Projet/ReelFin
    builtin-infoPlistUtility /Users/florian/Library/Developer/Xcode/DerivedData/ReelFin-bnwosskwtpuqttasefgsrnvbxrqi/Build/Intermediates.noindex/ReelFin.build/Debug-iphonesimulator/ImageCache.build/empty-ImageCache.plist -producttype com.apple.product-type.framework -expandbuildsettings -format binary -platform iphonesimulator -o /Users/florian/Library/Developer/Xcode/DerivedData/ReelFin-bnwosskwtpuqttasefgsrnvbxrqi/Build/Products/Debug-iphonesimulator/ImageCache.framework/Info.plist

ProcessInfoPlistFile /Users/florian/Library/Developer/Xcode/DerivedData/ReelFin-bnwosskwtpuqttasefgsrnvbxrqi/Build/Products/Debug-iphonesimulator/PlaybackEngine.framework/Info.plist /Users/florian/Library/Developer/Xcode/DerivedData/ReelFin-bnwosskwtpuqttasefgsrnvbxrqi/Build/Intermediates.noindex/ReelFin.build/Debug-iphonesimulator/PlaybackEngine.build/empty-PlaybackEngine.plist (in target 'PlaybackEngine' from project 'ReelFin')
    cd /Users/florian/Documents/Projet/ReelFin
    builtin-infoPlistUtility /Users/florian/Library/Developer/Xcode/DerivedData/ReelFin-bnwosskwtpuqttasefgsrnvbxrqi/Build/Intermediates.noindex/ReelFin.build/Debug-iphonesimulator/PlaybackEngine.build/empty-PlaybackEngine.plist -producttype com.apple.product-type.framework -expandbuildsettings -format binary -platform iphonesimulator -o /Users/florian/Library/Developer/Xcode/DerivedData/ReelFin-bnwosskwtpuqttasefgsrnvbxrqi/Build/Products/Debug-iphonesimulator/PlaybackEngine.framework/Info.plist

ProcessInfoPlistFile /Users/florian/Library/Developer/Xcode/DerivedData/ReelFin-bnwosskwtpuqttasefgsrnvbxrqi/Build/Products/Debug-iphonesimulator/SyncEngine.framework/Info.plist /Users/florian/Library/Developer/Xcode/DerivedData/ReelFin-bnwosskwtpuqttasefgsrnvbxrqi/Build/Intermediates.noindex/ReelFin.build/Debug-iphonesimulator/SyncEngine.build/empty-SyncEngine.plist (in target 'SyncEngine' from project 'ReelFin')
    cd /Users/florian/Documents/Projet/ReelFin
    builtin-infoPlistUtility /Users/florian/Library/Developer/Xcode/DerivedData/ReelFin-bnwosskwtpuqttasefgsrnvbxrqi/Build/Intermediates.noindex/ReelFin.build/Debug-iphonesimulator/SyncEngine.build/empty-SyncEngine.plist -producttype com.apple.product-type.framework -expandbuildsettings -format binary -platform iphonesimulator -o /Users/florian/Library/Developer/Xcode/DerivedData/ReelFin-bnwosskwtpuqttasefgsrnvbxrqi/Build/Products/Debug-iphonesimulator/SyncEngine.framework/Info.plist

ProcessInfoPlistFile /Users/florian/Library/Developer/Xcode/DerivedData/ReelFin-bnwosskwtpuqttasefgsrnvbxrqi/Build/Products/Debug-iphonesimulator/ReelFinUI.framework/Info.plist /Users/florian/Library/Developer/Xcode/DerivedData/ReelFin-bnwosskwtpuqttasefgsrnvbxrqi/Build/Intermediates.noindex/ReelFin.build/Debug-iphonesimulator/ReelFinUI.build/empty-ReelFinUI.plist (in target 'ReelFinUI' from project 'ReelFin')
    cd /Users/florian/Documents/Projet/ReelFin
    builtin-infoPlistUtility /Users/florian/Library/Developer/Xcode/DerivedData/ReelFin-bnwosskwtpuqttasefgsrnvbxrqi/Build/Intermediates.noindex/ReelFin.build/Debug-iphonesimulator/ReelFinUI.build/empty-ReelFinUI.plist -producttype com.apple.product-type.framework -expandbuildsettings -format binary -platform iphonesimulator -o /Users/florian/Library/Developer/Xcode/DerivedData/ReelFin-bnwosskwtpuqttasefgsrnvbxrqi/Build/Products/Debug-iphonesimulator/ReelFinUI.framework/Info.plist

ProcessInfoPlistFile /Users/florian/Library/Developer/Xcode/DerivedData/ReelFin-bnwosskwtpuqttasefgsrnvbxrqi/Build/Products/Debug-iphonesimulator/ReelFinWidgetsExtension.appex/Info.plist /Users/florian/Library/Developer/Xcode/DerivedData/ReelFin-bnwosskwtpuqttasefgsrnvbxrqi/Build/Intermediates.noindex/ReelFin.build/Debug-iphonesimulator/ReelFinWidgetsExtension.build/empty-ReelFinWidgetsExtension.plist (in target 'ReelFinWidgetsExtension' from project 'ReelFin')
    cd /Users/florian/Documents/Projet/ReelFin
    builtin-infoPlistUtility /Users/florian/Library/Developer/Xcode/DerivedData/ReelFin-bnwosskwtpuqttasefgsrnvbxrqi/Build/Intermediates.noindex/ReelFin.build/Debug-iphonesimulator/ReelFinWidgetsExtension.build/empty-ReelFinWidgetsExtension.plist -producttype com.apple.product-type.app-extension -expandbuildsettings -format binary -platform iphonesimulator -scanforprivacyfile /Users/florian/Library/Developer/Xcode/DerivedData/ReelFin-bnwosskwtpuqttasefgsrnvbxrqi/Build/Products/Debug-iphonesimulator/ReelFinWidgetsExtension.appex/GRDB_GRDB.bundle -o /Users/florian/Library/Developer/Xcode/DerivedData/ReelFin-bnwosskwtpuqttasefgsrnvbxrqi/Build/Products/Debug-iphonesimulator/ReelFinWidgetsExtension.appex/Info.plist

ProcessProductPackaging "" /Users/florian/Library/Developer/Xcode/DerivedData/ReelFin-bnwosskwtpuqttasefgsrnvbxrqi/Build/Intermediates.noindex/ReelFin.build/Debug-iphonesimulator/ReelFinApp.build/ReelFin.app-Simulated.xcent (in target 'ReelFinApp' from project 'ReelFin')
    cd /Users/florian/Documents/Projet/ReelFin
    
    Entitlements:
    
    {
    "application-identifier" = "WZ4CHJH7TA.com.reelfin.app";
}
    
    builtin-productPackagingUtility -entitlements -format xml -o /Users/florian/Library/Developer/Xcode/DerivedData/ReelFin-bnwosskwtpuqttasefgsrnvbxrqi/Build/Intermediates.noindex/ReelFin.build/Debug-iphonesimulator/ReelFinApp.build/ReelFin.app-Simulated.xcent

ProcessProductPackagingDER /Users/florian/Library/Developer/Xcode/DerivedData/ReelFin-bnwosskwtpuqttasefgsrnvbxrqi/Build/Intermediates.noindex/ReelFin.build/Debug-iphonesimulator/ReelFinApp.build/ReelFin.app-Simulated.xcent /Users/florian/Library/Developer/Xcode/DerivedData/ReelFin-bnwosskwtpuqttasefgsrnvbxrqi/Build/Intermediates.noindex/ReelFin.build/Debug-iphonesimulator/ReelFinApp.build/ReelFin.app-Simulated.xcent.der (in target 'ReelFinApp' from project 'ReelFin')
    cd /Users/florian/Documents/Projet/ReelFin
    /usr/bin/derq query -f xml -i /Users/florian/Library/Developer/Xcode/DerivedData/ReelFin-bnwosskwtpuqttasefgsrnvbxrqi/Build/Intermediates.noindex/ReelFin.build/Debug-iphonesimulator/ReelFinApp.build/ReelFin.app-Simulated.xcent -o /Users/florian/Library/Developer/Xcode/DerivedData/ReelFin-bnwosskwtpuqttasefgsrnvbxrqi/Build/Intermediates.noindex/ReelFin.build/Debug-iphonesimulator/ReelFinApp.build/ReelFin.app-Simulated.xcent.der --raw

CompileStoryboard /Users/florian/Documents/Projet/ReelFin/ReelFinApp/Resources/LaunchScreen.storyboard (in target 'ReelFinApp' from project 'ReelFin')
    cd /Users/florian/Documents/Projet/ReelFin
    /Applications/Xcode.app/Contents/Developer/usr/bin/ibtool --errors --warnings --notices --module ReelFin --output-partial-info-plist /Users/florian/Library/Developer/Xcode/DerivedData/ReelFin-bnwosskwtpuqttasefgsrnvbxrqi/Build/Intermediates.noindex/ReelFin.build/Debug-iphonesimulator/ReelFinApp.build/LaunchScreen-SBPartialInfo.plist --auto-activate-custom-fonts --target-device iphone --target-device ipad --minimum-deployment-target 16.0 --output-format human-readable-text /Users/florian/Documents/Projet/ReelFin/ReelFinApp/Resources/LaunchScreen.storyboard --compilation-directory /Users/florian/Library/Developer/Xcode/DerivedData/ReelFin-bnwosskwtpuqttasefgsrnvbxrqi/Build/Intermediates.noindex/ReelFin.build/Debug-iphonesimulator/ReelFinApp.build

Ld /Users/florian/Library/Developer/Xcode/DerivedData/ReelFin-bnwosskwtpuqttasefgsrnvbxrqi/Build/Products/Debug-iphonesimulator/ReelFin.app/ReelFin.debug.dylib normal (in target 'ReelFinApp' from project 'ReelFin')
    cd /Users/florian/Documents/Projet/ReelFin
    /Applications/Xcode.app/Contents/Developer/Toolchains/XcodeDefault.xctoolchain/usr/bin/clang -Xlinker -reproducible -target arm64-apple-ios16.0-simulator -dynamiclib -isysroot /Applications/Xcode.app/Contents/Developer/Platforms/iPhoneSimulator.platform/Developer/SDKs/iPhoneSimulator26.2.sdk -O0 -L/Users/florian/Library/Developer/Xcode/DerivedData/ReelFin-bnwosskwtpuqttasefgsrnvbxrqi/Build/Intermediates.noindex/EagerLinkingTBDs/Debug-iphonesimulator -L/Users/florian/Library/Developer/Xcode/DerivedData/ReelFin-bnwosskwtpuqttasefgsrnvbxrqi/Build/Products/Debug-iphonesimulator -F/Users/florian/Library/Developer/Xcode/DerivedData/ReelFin-bnwosskwtpuqttasefgsrnvbxrqi/Build/Intermediates.noindex/EagerLinkingTBDs/Debug-iphonesimulator -F/Users/florian/Library/Developer/Xcode/DerivedData/ReelFin-bnwosskwtpuqttasefgsrnvbxrqi/Build/Products/Debug-iphonesimulator/PackageFrameworks -F/Users/florian/Library/Developer/Xcode/DerivedData/ReelFin-bnwosskwtpuqttasefgsrnvbxrqi/Build/Products/Debug-iphonesimulator -filelist /Users/florian/Library/Developer/Xcode/DerivedData/ReelFin-bnwosskwtpuqttasefgsrnvbxrqi/Build/Intermediates.noindex/ReelFin.build/Debug-iphonesimulator/ReelFinApp.build/Objects-normal/arm64/ReelFin.LinkFileList -install_name @rpath/ReelFin.debug.dylib -Xlinker -rpath -Xlinker /usr/lib/swift -Xlinker -rpath -Xlinker /Users/florian/Library/Developer/Xcode/DerivedData/ReelFin-bnwosskwtpuqttasefgsrnvbxrqi/Build/Products/Debug-iphonesimulator/PackageFrameworks -Xlinker -rpath -Xlinker @executable_path/Frameworks -dead_strip -Xlinker -object_path_lto -Xlinker /Users/florian/Library/Developer/Xcode/DerivedData/ReelFin-bnwosskwtpuqttasefgsrnvbxrqi/Build/Intermediates.noindex/ReelFin.build/Debug-iphonesimulator/ReelFinApp.build/Objects-normal/arm64/ReelFin_lto.o -rdynamic -Xlinker -no_deduplicate -Xlinker -objc_abi_version -Xlinker 2 -Xlinker -dependency_info -Xlinker /Users/florian/Library/Developer/Xcode/DerivedData/ReelFin-bnwosskwtpuqttasefgsrnvbxrqi/Build/Intermediates.noindex/ReelFin.build/Debug-iphonesimulator/ReelFinApp.build/Objects-normal/arm64/ReelFin_dependency_info.dat -fobjc-link-runtime -L/Applications/Xcode.app/Contents/Developer/Toolchains/XcodeDefault.xctoolchain/usr/lib/swift/iphonesimulator -L/usr/lib/swift -Xlinker -add_ast_path -Xlinker /Users/florian/Library/Developer/Xcode/DerivedData/ReelFin-bnwosskwtpuqttasefgsrnvbxrqi/Build/Intermediates.noindex/ReelFin.build/Debug-iphonesimulator/ReelFinApp.build/Objects-normal/arm64/ReelFin.swiftmodule @/Users/florian/Library/Developer/Xcode/DerivedData/ReelFin-bnwosskwtpuqttasefgsrnvbxrqi/Build/Intermediates.noindex/ReelFin.build/Debug-iphonesimulator/ReelFinApp.build/Objects-normal/arm64/ReelFin-linker-args.resp -Wl,-no_warn_duplicate_libraries -Xlinker -alias -Xlinker _main -Xlinker ___debug_main_executable_dylib_entry_point -framework ReelFinUI -framework Shared -framework SyncEngine -framework JellyfinAPI -framework DataStore -framework ImageCache -framework PlaybackEngine -Xlinker -no_adhoc_codesign -o /Users/florian/Library/Developer/Xcode/DerivedData/ReelFin-bnwosskwtpuqttasefgsrnvbxrqi/Build/Products/Debug-iphonesimulator/ReelFin.app/ReelFin.debug.dylib

ConstructStubExecutorLinkFileList /Users/florian/Library/Developer/Xcode/DerivedData/ReelFin-bnwosskwtpuqttasefgsrnvbxrqi/Build/Intermediates.noindex/ReelFin.build/Debug-iphonesimulator/ReelFinApp.build/ReelFin-ExecutorLinkFileList-normal-arm64.txt (in target 'ReelFinApp' from project 'ReelFin')
    cd /Users/florian/Documents/Projet/ReelFin
    construct-stub-executor-link-file-list /Users/florian/Library/Developer/Xcode/DerivedData/ReelFin-bnwosskwtpuqttasefgsrnvbxrqi/Build/Products/Debug-iphonesimulator/ReelFin.app/ReelFin.debug.dylib /Applications/Xcode.app/Contents/Developer/Platforms/iPhoneSimulator.platform/Developer/usr/lib/libPreviewsJITStubExecutor_no_swift_entry_point.a /Applications/Xcode.app/Contents/Developer/Platforms/iPhoneSimulator.platform/Developer/usr/lib/libPreviewsJITStubExecutor.a --output /Users/florian/Library/Developer/Xcode/DerivedData/ReelFin-bnwosskwtpuqttasefgsrnvbxrqi/Build/Intermediates.noindex/ReelFin.build/Debug-iphonesimulator/ReelFinApp.build/ReelFin-ExecutorLinkFileList-normal-arm64.txt
note: Using stub executor library with Swift entry point. (in target 'ReelFinApp' from project 'ReelFin')

Ld /Users/florian/Library/Developer/Xcode/DerivedData/ReelFin-bnwosskwtpuqttasefgsrnvbxrqi/Build/Products/Debug-iphonesimulator/ReelFin.app/ReelFin normal (in target 'ReelFinApp' from project 'ReelFin')
    cd /Users/florian/Documents/Projet/ReelFin
    /Applications/Xcode.app/Contents/Developer/Toolchains/XcodeDefault.xctoolchain/usr/bin/clang -Xlinker -reproducible -target arm64-apple-ios16.0-simulator -isysroot /Applications/Xcode.app/Contents/Developer/Platforms/iPhoneSimulator.platform/Developer/SDKs/iPhoneSimulator26.2.sdk -O0 -L/Users/florian/Library/Developer/Xcode/DerivedData/ReelFin-bnwosskwtpuqttasefgsrnvbxrqi/Build/Products/Debug-iphonesimulator -F/Users/florian/Library/Developer/Xcode/DerivedData/ReelFin-bnwosskwtpuqttasefgsrnvbxrqi/Build/Products/Debug-iphonesimulator/PackageFrameworks -F/Users/florian/Library/Developer/Xcode/DerivedData/ReelFin-bnwosskwtpuqttasefgsrnvbxrqi/Build/Products/Debug-iphonesimulator -Xlinker -rpath -Xlinker @executable_path -Xlinker -rpath -Xlinker /Users/florian/Library/Developer/Xcode/DerivedData/ReelFin-bnwosskwtpuqttasefgsrnvbxrqi/Build/Products/Debug-iphonesimulator/PackageFrameworks -Xlinker -rpath -Xlinker @executable_path/Frameworks -rdynamic -Xlinker -no_deduplicate -Xlinker -objc_abi_version -Xlinker 2 -e ___debug_blank_executor_main -Xlinker -sectcreate -Xlinker __TEXT -Xlinker __debug_dylib -Xlinker /Users/florian/Library/Developer/Xcode/DerivedData/ReelFin-bnwosskwtpuqttasefgsrnvbxrqi/Build/Intermediates.noindex/ReelFin.build/Debug-iphonesimulator/ReelFinApp.build/ReelFin-DebugDylibPath-normal-arm64.txt -Xlinker -sectcreate -Xlinker __TEXT -Xlinker __debug_instlnm -Xlinker /Users/florian/Library/Developer/Xcode/DerivedData/ReelFin-bnwosskwtpuqttasefgsrnvbxrqi/Build/Intermediates.noindex/ReelFin.build/Debug-iphonesimulator/ReelFinApp.build/ReelFin-DebugDylibInstallName-normal-arm64.txt -Xlinker -filelist -Xlinker /Users/florian/Library/Developer/Xcode/DerivedData/ReelFin-bnwosskwtpuqttasefgsrnvbxrqi/Build/Intermediates.noindex/ReelFin.build/Debug-iphonesimulator/ReelFinApp.build/ReelFin-ExecutorLinkFileList-normal-arm64.txt -Xlinker -sectcreate -Xlinker __TEXT -Xlinker __entitlements -Xlinker /Users/florian/Library/Developer/Xcode/DerivedData/ReelFin-bnwosskwtpuqttasefgsrnvbxrqi/Build/Intermediates.noindex/ReelFin.build/Debug-iphonesimulator/ReelFinApp.build/ReelFin.app-Simulated.xcent -Xlinker -sectcreate -Xlinker __TEXT -Xlinker __ents_der -Xlinker /Users/florian/Library/Developer/Xcode/DerivedData/ReelFin-bnwosskwtpuqttasefgsrnvbxrqi/Build/Intermediates.noindex/ReelFin.build/Debug-iphonesimulator/ReelFinApp.build/ReelFin.app-Simulated.xcent.der /Users/florian/Library/Developer/Xcode/DerivedData/ReelFin-bnwosskwtpuqttasefgsrnvbxrqi/Build/Products/Debug-iphonesimulator/ReelFin.app/ReelFin.debug.dylib -Xlinker -no_adhoc_codesign -o /Users/florian/Library/Developer/Xcode/DerivedData/ReelFin-bnwosskwtpuqttasefgsrnvbxrqi/Build/Products/Debug-iphonesimulator/ReelFin.app/ReelFin

LinkStoryboards (in target 'ReelFinApp' from project 'ReelFin')
    cd /Users/florian/Documents/Projet/ReelFin
    /Applications/Xcode.app/Contents/Developer/usr/bin/ibtool --errors --warnings --notices --module ReelFin --target-device iphone --target-device ipad --minimum-deployment-target 16.0 --output-format human-readable-text --link /Users/florian/Library/Developer/Xcode/DerivedData/ReelFin-bnwosskwtpuqttasefgsrnvbxrqi/Build/Products/Debug-iphonesimulator/ReelFin.app /Users/florian/Library/Developer/Xcode/DerivedData/ReelFin-bnwosskwtpuqttasefgsrnvbxrqi/Build/Intermediates.noindex/ReelFin.build/Debug-iphonesimulator/ReelFinApp.build/LaunchScreen.storyboardc

Copy /Users/florian/Library/Developer/Xcode/DerivedData/ReelFin-bnwosskwtpuqttasefgsrnvbxrqi/Build/Products/Debug-iphonesimulator/ReelFin.app/Frameworks/JellyfinAPI.framework /Users/florian/Library/Developer/Xcode/DerivedData/ReelFin-bnwosskwtpuqttasefgsrnvbxrqi/Build/Products/Debug-iphonesimulator/JellyfinAPI.framework (in target 'ReelFinApp' from project 'ReelFin')
    cd /Users/florian/Documents/Projet/ReelFin
    builtin-copy -exclude .DS_Store -exclude CVS -exclude .svn -exclude .git -exclude .hg -exclude Headers -exclude PrivateHeaders -exclude Modules -exclude \*.tbd -resolve-src-symlinks -remove-static-executable /Users/florian/Library/Developer/Xcode/DerivedData/ReelFin-bnwosskwtpuqttasefgsrnvbxrqi/Build/Products/Debug-iphonesimulator/JellyfinAPI.framework /Users/florian/Library/Developer/Xcode/DerivedData/ReelFin-bnwosskwtpuqttasefgsrnvbxrqi/Build/Products/Debug-iphonesimulator/ReelFin.app/Frameworks

Copy /Users/florian/Library/Developer/Xcode/DerivedData/ReelFin-bnwosskwtpuqttasefgsrnvbxrqi/Build/Products/Debug-iphonesimulator/ReelFin.app/Frameworks/PlaybackEngine.framework /Users/florian/Library/Developer/Xcode/DerivedData/ReelFin-bnwosskwtpuqttasefgsrnvbxrqi/Build/Products/Debug-iphonesimulator/PlaybackEngine.framework (in target 'ReelFinApp' from project 'ReelFin')
    cd /Users/florian/Documents/Projet/ReelFin
    builtin-copy -exclude .DS_Store -exclude CVS -exclude .svn -exclude .git -exclude .hg -exclude Headers -exclude PrivateHeaders -exclude Modules -exclude \*.tbd -resolve-src-symlinks -remove-static-executable /Users/florian/Library/Developer/Xcode/DerivedData/ReelFin-bnwosskwtpuqttasefgsrnvbxrqi/Build/Products/Debug-iphonesimulator/PlaybackEngine.framework /Users/florian/Library/Developer/Xcode/DerivedData/ReelFin-bnwosskwtpuqttasefgsrnvbxrqi/Build/Products/Debug-iphonesimulator/ReelFin.app/Frameworks

Copy /Users/florian/Library/Developer/Xcode/DerivedData/ReelFin-bnwosskwtpuqttasefgsrnvbxrqi/Build/Products/Debug-iphonesimulator/ReelFin.app/Frameworks/ReelFinUI.framework /Users/florian/Library/Developer/Xcode/DerivedData/ReelFin-bnwosskwtpuqttasefgsrnvbxrqi/Build/Products/Debug-iphonesimulator/ReelFinUI.framework (in target 'ReelFinApp' from project 'ReelFin')
    cd /Users/florian/Documents/Projet/ReelFin
    builtin-copy -exclude .DS_Store -exclude CVS -exclude .svn -exclude .git -exclude .hg -exclude Headers -exclude PrivateHeaders -exclude Modules -exclude \*.tbd -resolve-src-symlinks -remove-static-executable /Users/florian/Library/Developer/Xcode/DerivedData/ReelFin-bnwosskwtpuqttasefgsrnvbxrqi/Build/Products/Debug-iphonesimulator/ReelFinUI.framework /Users/florian/Library/Developer/Xcode/DerivedData/ReelFin-bnwosskwtpuqttasefgsrnvbxrqi/Build/Products/Debug-iphonesimulator/ReelFin.app/Frameworks

Copy /Users/florian/Library/Developer/Xcode/DerivedData/ReelFin-bnwosskwtpuqttasefgsrnvbxrqi/Build/Products/Debug-iphonesimulator/ReelFin.app/Frameworks/ImageCache.framework /Users/florian/Library/Developer/Xcode/DerivedData/ReelFin-bnwosskwtpuqttasefgsrnvbxrqi/Build/Products/Debug-iphonesimulator/ImageCache.framework (in target 'ReelFinApp' from project 'ReelFin')
    cd /Users/florian/Documents/Projet/ReelFin
    builtin-copy -exclude .DS_Store -exclude CVS -exclude .svn -exclude .git -exclude .hg -exclude Headers -exclude PrivateHeaders -exclude Modules -exclude \*.tbd -resolve-src-symlinks -remove-static-executable /Users/florian/Library/Developer/Xcode/DerivedData/ReelFin-bnwosskwtpuqttasefgsrnvbxrqi/Build/Products/Debug-iphonesimulator/ImageCache.framework /Users/florian/Library/Developer/Xcode/DerivedData/ReelFin-bnwosskwtpuqttasefgsrnvbxrqi/Build/Products/Debug-iphonesimulator/ReelFin.app/Frameworks

Copy /Users/florian/Library/Developer/Xcode/DerivedData/ReelFin-bnwosskwtpuqttasefgsrnvbxrqi/Build/Products/Debug-iphonesimulator/ReelFin.app/Frameworks/Shared.framework /Users/florian/Library/Developer/Xcode/DerivedData/ReelFin-bnwosskwtpuqttasefgsrnvbxrqi/Build/Products/Debug-iphonesimulator/Shared.framework (in target 'ReelFinApp' from project 'ReelFin')
    cd /Users/florian/Documents/Projet/ReelFin
    builtin-copy -exclude .DS_Store -exclude CVS -exclude .svn -exclude .git -exclude .hg -exclude Headers -exclude PrivateHeaders -exclude Modules -exclude \*.tbd -resolve-src-symlinks -remove-static-executable /Users/florian/Library/Developer/Xcode/DerivedData/ReelFin-bnwosskwtpuqttasefgsrnvbxrqi/Build/Products/Debug-iphonesimulator/Shared.framework /Users/florian/Library/Developer/Xcode/DerivedData/ReelFin-bnwosskwtpuqttasefgsrnvbxrqi/Build/Products/Debug-iphonesimulator/ReelFin.app/Frameworks

Copy /Users/florian/Library/Developer/Xcode/DerivedData/ReelFin-bnwosskwtpuqttasefgsrnvbxrqi/Build/Products/Debug-iphonesimulator/ReelFin.app/Frameworks/SyncEngine.framework /Users/florian/Library/Developer/Xcode/DerivedData/ReelFin-bnwosskwtpuqttasefgsrnvbxrqi/Build/Products/Debug-iphonesimulator/SyncEngine.framework (in target 'ReelFinApp' from project 'ReelFin')
    cd /Users/florian/Documents/Projet/ReelFin
    builtin-copy -exclude .DS_Store -exclude CVS -exclude .svn -exclude .git -exclude .hg -exclude Headers -exclude PrivateHeaders -exclude Modules -exclude \*.tbd -resolve-src-symlinks -remove-static-executable /Users/florian/Library/Developer/Xcode/DerivedData/ReelFin-bnwosskwtpuqttasefgsrnvbxrqi/Build/Products/Debug-iphonesimulator/SyncEngine.framework /Users/florian/Library/Developer/Xcode/DerivedData/ReelFin-bnwosskwtpuqttasefgsrnvbxrqi/Build/Products/Debug-iphonesimulator/ReelFin.app/Frameworks

Copy /Users/florian/Library/Developer/Xcode/DerivedData/ReelFin-bnwosskwtpuqttasefgsrnvbxrqi/Build/Products/Debug-iphonesimulator/ReelFin.app/Frameworks/DataStore.framework /Users/florian/Library/Developer/Xcode/DerivedData/ReelFin-bnwosskwtpuqttasefgsrnvbxrqi/Build/Products/Debug-iphonesimulator/DataStore.framework (in target 'ReelFinApp' from project 'ReelFin')
    cd /Users/florian/Documents/Projet/ReelFin
    builtin-copy -exclude .DS_Store -exclude CVS -exclude .svn -exclude .git -exclude .hg -exclude Headers -exclude PrivateHeaders -exclude Modules -exclude \*.tbd -resolve-src-symlinks -remove-static-executable /Users/florian/Library/Developer/Xcode/DerivedData/ReelFin-bnwosskwtpuqttasefgsrnvbxrqi/Build/Products/Debug-iphonesimulator/DataStore.framework /Users/florian/Library/Developer/Xcode/DerivedData/ReelFin-bnwosskwtpuqttasefgsrnvbxrqi/Build/Products/Debug-iphonesimulator/ReelFin.app/Frameworks

CodeSign /Users/florian/Library/Developer/Xcode/DerivedData/ReelFin-bnwosskwtpuqttasefgsrnvbxrqi/Build/Products/Debug-iphonesimulator/ReelFin.app/Frameworks/PlaybackEngine.framework (in target 'ReelFinApp' from project 'ReelFin')
    cd /Users/florian/Documents/Projet/ReelFin
    
    Signing Identity:     "Sign to Run Locally"
    
    /usr/bin/codesign --force --sign - --timestamp\=none --preserve-metadata\=identifier,entitlements,flags --generate-entitlement-der /Users/florian/Library/Developer/Xcode/DerivedData/ReelFin-bnwosskwtpuqttasefgsrnvbxrqi/Build/Products/Debug-iphonesimulator/ReelFin.app/Frameworks/PlaybackEngine.framework
/Users/florian/Library/Developer/Xcode/DerivedData/ReelFin-bnwosskwtpuqttasefgsrnvbxrqi/Build/Products/Debug-iphonesimulator/ReelFin.app/Frameworks/PlaybackEngine.framework: replacing existing signature

CodeSign /Users/florian/Library/Developer/Xcode/DerivedData/ReelFin-bnwosskwtpuqttasefgsrnvbxrqi/Build/Products/Debug-iphonesimulator/ReelFin.app/Frameworks/SyncEngine.framework (in target 'ReelFinApp' from project 'ReelFin')
    cd /Users/florian/Documents/Projet/ReelFin
    
    Signing Identity:     "Sign to Run Locally"
    
    /usr/bin/codesign --force --sign - --timestamp\=none --preserve-metadata\=identifier,entitlements,flags --generate-entitlement-der /Users/florian/Library/Developer/Xcode/DerivedData/ReelFin-bnwosskwtpuqttasefgsrnvbxrqi/Build/Products/Debug-iphonesimulator/ReelFin.app/Frameworks/SyncEngine.framework
/Users/florian/Library/Developer/Xcode/DerivedData/ReelFin-bnwosskwtpuqttasefgsrnvbxrqi/Build/Products/Debug-iphonesimulator/ReelFin.app/Frameworks/SyncEngine.framework: replacing existing signature

CodeSign /Users/florian/Library/Developer/Xcode/DerivedData/ReelFin-bnwosskwtpuqttasefgsrnvbxrqi/Build/Products/Debug-iphonesimulator/ReelFin.app/Frameworks/ImageCache.framework (in target 'ReelFinApp' from project 'ReelFin')
    cd /Users/florian/Documents/Projet/ReelFin
    
    Signing Identity:     "Sign to Run Locally"
    
    /usr/bin/codesign --force --sign - --timestamp\=none --preserve-metadata\=identifier,entitlements,flags --generate-entitlement-der /Users/florian/Library/Developer/Xcode/DerivedData/ReelFin-bnwosskwtpuqttasefgsrnvbxrqi/Build/Products/Debug-iphonesimulator/ReelFin.app/Frameworks/ImageCache.framework
/Users/florian/Library/Developer/Xcode/DerivedData/ReelFin-bnwosskwtpuqttasefgsrnvbxrqi/Build/Products/Debug-iphonesimulator/ReelFin.app/Frameworks/ImageCache.framework: replacing existing signature

CodeSign /Users/florian/Library/Developer/Xcode/DerivedData/ReelFin-bnwosskwtpuqttasefgsrnvbxrqi/Build/Products/Debug-iphonesimulator/ReelFin.app/Frameworks/JellyfinAPI.framework (in target 'ReelFinApp' from project 'ReelFin')
    cd /Users/florian/Documents/Projet/ReelFin
    
    Signing Identity:     "Sign to Run Locally"
    
    /usr/bin/codesign --force --sign - --timestamp\=none --preserve-metadata\=identifier,entitlements,flags --generate-entitlement-der /Users/florian/Library/Developer/Xcode/DerivedData/ReelFin-bnwosskwtpuqttasefgsrnvbxrqi/Build/Products/Debug-iphonesimulator/ReelFin.app/Frameworks/JellyfinAPI.framework
/Users/florian/Library/Developer/Xcode/DerivedData/ReelFin-bnwosskwtpuqttasefgsrnvbxrqi/Build/Products/Debug-iphonesimulator/ReelFin.app/Frameworks/JellyfinAPI.framework: replacing existing signature

CodeSign /Users/florian/Library/Developer/Xcode/DerivedData/ReelFin-bnwosskwtpuqttasefgsrnvbxrqi/Build/Products/Debug-iphonesimulator/ReelFin.app/Frameworks/Shared.framework (in target 'ReelFinApp' from project 'ReelFin')
    cd /Users/florian/Documents/Projet/ReelFin
    
    Signing Identity:     "Sign to Run Locally"
    
    /usr/bin/codesign --force --sign - --timestamp\=none --preserve-metadata\=identifier,entitlements,flags --generate-entitlement-der /Users/florian/Library/Developer/Xcode/DerivedData/ReelFin-bnwosskwtpuqttasefgsrnvbxrqi/Build/Products/Debug-iphonesimulator/ReelFin.app/Frameworks/Shared.framework
/Users/florian/Library/Developer/Xcode/DerivedData/ReelFin-bnwosskwtpuqttasefgsrnvbxrqi/Build/Products/Debug-iphonesimulator/ReelFin.app/Frameworks/Shared.framework: replacing existing signature

CodeSign /Users/florian/Library/Developer/Xcode/DerivedData/ReelFin-bnwosskwtpuqttasefgsrnvbxrqi/Build/Products/Debug-iphonesimulator/ReelFin.app/Frameworks/ReelFinUI.framework (in target 'ReelFinApp' from project 'ReelFin')
    cd /Users/florian/Documents/Projet/ReelFin
    
    Signing Identity:     "Sign to Run Locally"
    
    /usr/bin/codesign --force --sign - --timestamp\=none --preserve-metadata\=identifier,entitlements,flags --generate-entitlement-der /Users/florian/Library/Developer/Xcode/DerivedData/ReelFin-bnwosskwtpuqttasefgsrnvbxrqi/Build/Products/Debug-iphonesimulator/ReelFin.app/Frameworks/ReelFinUI.framework
/Users/florian/Library/Developer/Xcode/DerivedData/ReelFin-bnwosskwtpuqttasefgsrnvbxrqi/Build/Products/Debug-iphonesimulator/ReelFin.app/Frameworks/ReelFinUI.framework: replacing existing signature

ProcessInfoPlistFile /Users/florian/Library/Developer/Xcode/DerivedData/ReelFin-bnwosskwtpuqttasefgsrnvbxrqi/Build/Products/Debug-iphonesimulator/ReelFin.app/Info.plist /Users/florian/Library/Developer/Xcode/DerivedData/ReelFin-bnwosskwtpuqttasefgsrnvbxrqi/Build/Intermediates.noindex/ReelFin.build/Debug-iphonesimulator/ReelFinApp.build/empty-ReelFin.plist (in target 'ReelFinApp' from project 'ReelFin')
    cd /Users/florian/Documents/Projet/ReelFin
    builtin-infoPlistUtility /Users/florian/Library/Developer/Xcode/DerivedData/ReelFin-bnwosskwtpuqttasefgsrnvbxrqi/Build/Intermediates.noindex/ReelFin.build/Debug-iphonesimulator/ReelFinApp.build/empty-ReelFin.plist -producttype com.apple.product-type.application -genpkginfo /Users/florian/Library/Developer/Xcode/DerivedData/ReelFin-bnwosskwtpuqttasefgsrnvbxrqi/Build/Products/Debug-iphonesimulator/ReelFin.app/PkgInfo -expandbuildsettings -format binary -platform iphonesimulator -additionalcontentfile /Users/florian/Library/Developer/Xcode/DerivedData/ReelFin-bnwosskwtpuqttasefgsrnvbxrqi/Build/Intermediates.noindex/ReelFin.build/Debug-iphonesimulator/ReelFinApp.build/LaunchScreen-SBPartialInfo.plist -scanforprivacyfile /Users/florian/Library/Developer/Xcode/DerivedData/ReelFin-bnwosskwtpuqttasefgsrnvbxrqi/Build/Products/Debug-iphonesimulator/ReelFin.app/Frameworks/DataStore.framework -scanforprivacyfile /Users/florian/Library/Developer/Xcode/DerivedData/ReelFin-bnwosskwtpuqttasefgsrnvbxrqi/Build/Products/Debug-iphonesimulator/ReelFin.app/Frameworks/ImageCache.framework -scanforprivacyfile /Users/florian/Library/Developer/Xcode/DerivedData/ReelFin-bnwosskwtpuqttasefgsrnvbxrqi/Build/Products/Debug-iphonesimulator/ReelFin.app/Frameworks/JellyfinAPI.framework -scanforprivacyfile /Users/florian/Library/Developer/Xcode/DerivedData/ReelFin-bnwosskwtpuqttasefgsrnvbxrqi/Build/Products/Debug-iphonesimulator/ReelFin.app/Frameworks/PlaybackEngine.framework -scanforprivacyfile /Users/florian/Library/Developer/Xcode/DerivedData/ReelFin-bnwosskwtpuqttasefgsrnvbxrqi/Build/Products/Debug-iphonesimulator/ReelFin.app/Frameworks/ReelFinUI.framework -scanforprivacyfile /Users/florian/Library/Developer/Xcode/DerivedData/ReelFin-bnwosskwtpuqttasefgsrnvbxrqi/Build/Products/Debug-iphonesimulator/ReelFin.app/Frameworks/Shared.framework -scanforprivacyfile /Users/florian/Library/Developer/Xcode/DerivedData/ReelFin-bnwosskwtpuqttasefgsrnvbxrqi/Build/Products/Debug-iphonesimulator/ReelFin.app/Frameworks/SyncEngine.framework -scanforprivacyfile /Users/florian/Library/Developer/Xcode/DerivedData/ReelFin-bnwosskwtpuqttasefgsrnvbxrqi/Build/Products/Debug-iphonesimulator/ReelFin.app/GRDB_GRDB.bundle -o /Users/florian/Library/Developer/Xcode/DerivedData/ReelFin-bnwosskwtpuqttasefgsrnvbxrqi/Build/Products/Debug-iphonesimulator/ReelFin.app/Info.plist

CodeSign /Users/florian/Library/Developer/Xcode/DerivedData/ReelFin-bnwosskwtpuqttasefgsrnvbxrqi/Build/Products/Debug-iphonesimulator/ReelFin.app/Frameworks/DataStore.framework (in target 'ReelFinApp' from project 'ReelFin')
    cd /Users/florian/Documents/Projet/ReelFin
    
    Signing Identity:     "Sign to Run Locally"
    
    /usr/bin/codesign --force --sign - --timestamp\=none --preserve-metadata\=identifier,entitlements,flags --generate-entitlement-der /Users/florian/Library/Developer/Xcode/DerivedData/ReelFin-bnwosskwtpuqttasefgsrnvbxrqi/Build/Products/Debug-iphonesimulator/ReelFin.app/Frameworks/DataStore.framework
/Users/florian/Library/Developer/Xcode/DerivedData/ReelFin-bnwosskwtpuqttasefgsrnvbxrqi/Build/Products/Debug-iphonesimulator/ReelFin.app/Frameworks/DataStore.framework: replacing existing signature

CopySwiftLibs /Users/florian/Library/Developer/Xcode/DerivedData/ReelFin-bnwosskwtpuqttasefgsrnvbxrqi/Build/Products/Debug-iphonesimulator/ReelFin.app (in target 'ReelFinApp' from project 'ReelFin')
    cd /Users/florian/Documents/Projet/ReelFin
    builtin-swiftStdLibTool --copy --verbose --sign - --scan-executable /Users/florian/Library/Developer/Xcode/DerivedData/ReelFin-bnwosskwtpuqttasefgsrnvbxrqi/Build/Products/Debug-iphonesimulator/ReelFin.app/ReelFin.debug.dylib --scan-folder /Users/florian/Library/Developer/Xcode/DerivedData/ReelFin-bnwosskwtpuqttasefgsrnvbxrqi/Build/Products/Debug-iphonesimulator/ReelFin.app/Frameworks --scan-folder /Users/florian/Library/Developer/Xcode/DerivedData/ReelFin-bnwosskwtpuqttasefgsrnvbxrqi/Build/Products/Debug-iphonesimulator/ReelFin.app/PlugIns --scan-folder /Users/florian/Library/Developer/Xcode/DerivedData/ReelFin-bnwosskwtpuqttasefgsrnvbxrqi/Build/Products/Debug-iphonesimulator/ReelFin.app/SystemExtensions --scan-folder /Users/florian/Library/Developer/Xcode/DerivedData/ReelFin-bnwosskwtpuqttasefgsrnvbxrqi/Build/Products/Debug-iphonesimulator/ReelFin.app/Extensions --scan-folder /Users/florian/Library/Developer/Xcode/DerivedData/ReelFin-bnwosskwtpuqttasefgsrnvbxrqi/Build/Products/Debug-iphonesimulator/ReelFinUI.framework --scan-folder /Users/florian/Library/Developer/Xcode/DerivedData/ReelFin-bnwosskwtpuqttasefgsrnvbxrqi/Build/Products/Debug-iphonesimulator/Shared.framework --scan-folder /Users/florian/Library/Developer/Xcode/DerivedData/ReelFin-bnwosskwtpuqttasefgsrnvbxrqi/Build/Products/Debug-iphonesimulator/SyncEngine.framework --scan-folder /Users/florian/Library/Developer/Xcode/DerivedData/ReelFin-bnwosskwtpuqttasefgsrnvbxrqi/Build/Products/Debug-iphonesimulator/JellyfinAPI.framework --scan-folder /Users/florian/Library/Developer/Xcode/DerivedData/ReelFin-bnwosskwtpuqttasefgsrnvbxrqi/Build/Products/Debug-iphonesimulator/DataStore.framework --scan-folder /Users/florian/Library/Developer/Xcode/DerivedData/ReelFin-bnwosskwtpuqttasefgsrnvbxrqi/Build/Products/Debug-iphonesimulator/ImageCache.framework --scan-folder /Users/florian/Library/Developer/Xcode/DerivedData/ReelFin-bnwosskwtpuqttasefgsrnvbxrqi/Build/Products/Debug-iphonesimulator/PlaybackEngine.framework --platform iphonesimulator --toolchain /var/run/com.apple.security.cryptexd/mnt/com.apple.MobileAsset.MetalToolchain-v17.3.48.0.vyvzGW/Metal.xctoolchain --toolchain /Applications/Xcode.app/Contents/Developer/Toolchains/XcodeDefault.xctoolchain --destination /Users/florian/Library/Developer/Xcode/DerivedData/ReelFin-bnwosskwtpuqttasefgsrnvbxrqi/Build/Products/Debug-iphonesimulator/ReelFin.app/Frameworks --strip-bitcode --strip-bitcode-tool /Applications/Xcode.app/Contents/Developer/Toolchains/XcodeDefault.xctoolchain/usr/bin/bitcode_strip --emit-dependency-info /Users/florian/Library/Developer/Xcode/DerivedData/ReelFin-bnwosskwtpuqttasefgsrnvbxrqi/Build/Intermediates.noindex/ReelFin.build/Debug-iphonesimulator/ReelFinApp.build/SwiftStdLibToolInputDependencies.dep --filter-for-swift-os

ExtractAppIntentsMetadata (in target 'ReelFinApp' from project 'ReelFin')
    cd /Users/florian/Documents/Projet/ReelFin
    /Applications/Xcode.app/Contents/Developer/Toolchains/XcodeDefault.xctoolchain/usr/bin/appintentsmetadataprocessor --toolchain-dir /var/run/com.apple.security.cryptexd/mnt/com.apple.MobileAsset.MetalToolchain-v17.3.48.0.vyvzGW/Metal.xctoolchain --module-name ReelFin --sdk-root /Applications/Xcode.app/Contents/Developer/Platforms/iPhoneSimulator.platform/Developer/SDKs/iPhoneSimulator26.2.sdk --xcode-version 17C52 --platform-family iOS --deployment-target 16.0 --bundle-identifier com.reelfin.app --output /Users/florian/Library/Developer/Xcode/DerivedData/ReelFin-bnwosskwtpuqttasefgsrnvbxrqi/Build/Products/Debug-iphonesimulator/ReelFin.app --target-triple arm64-apple-ios16.0-simulator --binary-file /Users/florian/Library/Developer/Xcode/DerivedData/ReelFin-bnwosskwtpuqttasefgsrnvbxrqi/Build/Products/Debug-iphonesimulator/ReelFin.app/ReelFin --dependency-file /Users/florian/Library/Developer/Xcode/DerivedData/ReelFin-bnwosskwtpuqttasefgsrnvbxrqi/Build/Intermediates.noindex/ReelFin.build/Debug-iphonesimulator/ReelFinApp.build/Objects-normal/arm64/ReelFin_dependency_info.dat --stringsdata-file /Users/florian/Library/Developer/Xcode/DerivedData/ReelFin-bnwosskwtpuqttasefgsrnvbxrqi/Build/Intermediates.noindex/ReelFin.build/Debug-iphonesimulator/ReelFinApp.build/Objects-normal/arm64/ExtractedAppShortcutsMetadata.stringsdata --source-file-list /Users/florian/Library/Developer/Xcode/DerivedData/ReelFin-bnwosskwtpuqttasefgsrnvbxrqi/Build/Intermediates.noindex/ReelFin.build/Debug-iphonesimulator/ReelFinApp.build/Objects-normal/arm64/ReelFin.SwiftFileList --metadata-file-list /Users/florian/Library/Developer/Xcode/DerivedData/ReelFin-bnwosskwtpuqttasefgsrnvbxrqi/Build/Intermediates.noindex/ReelFin.build/Debug-iphonesimulator/ReelFinApp.build/ReelFin.DependencyMetadataFileList --static-metadata-file-list /Users/florian/Library/Developer/Xcode/DerivedData/ReelFin-bnwosskwtpuqttasefgsrnvbxrqi/Build/Intermediates.noindex/ReelFin.build/Debug-iphonesimulator/ReelFinApp.build/ReelFin.DependencyStaticMetadataFileList --swift-const-vals-list /Users/florian/Library/Developer/Xcode/DerivedData/ReelFin-bnwosskwtpuqttasefgsrnvbxrqi/Build/Intermediates.noindex/ReelFin.build/Debug-iphonesimulator/ReelFinApp.build/Objects-normal/arm64/ReelFin.SwiftConstValuesFileList --compile-time-extraction --deployment-aware-processing --validate-assistant-intents --no-app-shortcuts-localization
2026-02-21 22:02:27.787 appintentsmetadataprocessor[33233:555871] Starting appintentsmetadataprocessor export
2026-02-21 22:02:27.788 appintentsmetadataprocessor[33233:555871] warning: Metadata extraction skipped. No AppIntents.framework dependency found.

AppIntentsSSUTraining (in target 'ReelFinApp' from project 'ReelFin')
    cd /Users/florian/Documents/Projet/ReelFin
    /Applications/Xcode.app/Contents/Developer/Toolchains/XcodeDefault.xctoolchain/usr/bin/appintentsnltrainingprocessor --infoplist-path /Users/florian/Library/Developer/Xcode/DerivedData/ReelFin-bnwosskwtpuqttasefgsrnvbxrqi/Build/Products/Debug-iphonesimulator/ReelFin.app/Info.plist --temp-dir-path /Users/florian/Library/Developer/Xcode/DerivedData/ReelFin-bnwosskwtpuqttasefgsrnvbxrqi/Build/Intermediates.noindex/ReelFin.build/Debug-iphonesimulator/ReelFinApp.build/ssu --bundle-id com.reelfin.app --product-path /Users/florian/Library/Developer/Xcode/DerivedData/ReelFin-bnwosskwtpuqttasefgsrnvbxrqi/Build/Products/Debug-iphonesimulator/ReelFin.app --extracted-metadata-path /Users/florian/Library/Developer/Xcode/DerivedData/ReelFin-bnwosskwtpuqttasefgsrnvbxrqi/Build/Products/Debug-iphonesimulator/ReelFin.app/Metadata.appintents --metadata-file-list /Users/florian/Library/Developer/Xcode/DerivedData/ReelFin-bnwosskwtpuqttasefgsrnvbxrqi/Build/Intermediates.noindex/ReelFin.build/Debug-iphonesimulator/ReelFinApp.build/ReelFin.DependencyMetadataFileList --archive-ssu-assets
2026-02-21 22:02:27.804 appintentsnltrainingprocessor[33234:555872] Parsing options for appintentsnltrainingprocessor
2026-02-21 22:02:27.804 appintentsnltrainingprocessor[33234:555872] No AppShortcuts found - Skipping.

CodeSign /Users/florian/Library/Developer/Xcode/DerivedData/ReelFin-bnwosskwtpuqttasefgsrnvbxrqi/Build/Products/Debug-iphonesimulator/ReelFin.app/ReelFin.debug.dylib (in target 'ReelFinApp' from project 'ReelFin')
    cd /Users/florian/Documents/Projet/ReelFin
    
    Signing Identity:     "Sign to Run Locally"
    
    /usr/bin/codesign --force --sign - --timestamp\=none --generate-entitlement-der /Users/florian/Library/Developer/Xcode/DerivedData/ReelFin-bnwosskwtpuqttasefgsrnvbxrqi/Build/Products/Debug-iphonesimulator/ReelFin.app/ReelFin.debug.dylib

CodeSign /Users/florian/Library/Developer/Xcode/DerivedData/ReelFin-bnwosskwtpuqttasefgsrnvbxrqi/Build/Products/Debug-iphonesimulator/ReelFin.app/__preview.dylib (in target 'ReelFinApp' from project 'ReelFin')
    cd /Users/florian/Documents/Projet/ReelFin
    
    Signing Identity:     "Sign to Run Locally"
    
    /usr/bin/codesign --force --sign - --timestamp\=none --generate-entitlement-der /Users/florian/Library/Developer/Xcode/DerivedData/ReelFin-bnwosskwtpuqttasefgsrnvbxrqi/Build/Products/Debug-iphonesimulator/ReelFin.app/__preview.dylib
/Users/florian/Library/Developer/Xcode/DerivedData/ReelFin-bnwosskwtpuqttasefgsrnvbxrqi/Build/Products/Debug-iphonesimulator/ReelFin.app/__preview.dylib: replacing existing signature

CodeSign /Users/florian/Library/Developer/Xcode/DerivedData/ReelFin-bnwosskwtpuqttasefgsrnvbxrqi/Build/Products/Debug-iphonesimulator/ReelFin.app (in target 'ReelFinApp' from project 'ReelFin')
    cd /Users/florian/Documents/Projet/ReelFin
    
    Signing Identity:     "Sign to Run Locally"
    
    /usr/bin/codesign --force --sign - --timestamp\=none --generate-entitlement-der /Users/florian/Library/Developer/Xcode/DerivedData/ReelFin-bnwosskwtpuqttasefgsrnvbxrqi/Build/Products/Debug-iphonesimulator/ReelFin.app

Validate /Users/florian/Library/Developer/Xcode/DerivedData/ReelFin-bnwosskwtpuqttasefgsrnvbxrqi/Build/Products/Debug-iphonesimulator/ReelFin.app (in target 'ReelFinApp' from project 'ReelFin')
    cd /Users/florian/Documents/Projet/ReelFin
    builtin-validationUtility /Users/florian/Library/Developer/Xcode/DerivedData/ReelFin-bnwosskwtpuqttasefgsrnvbxrqi/Build/Products/Debug-iphonesimulator/ReelFin.app -shallow-bundle -infoplist-subpath Info.plist

** BUILD SUCCEEDED **

